  vkal.cpp
c:\repos\vulkanframework\vulkanframework\vulkanframework\vulkanframework\vkal.cpp(74): warning C4018: '<': signed/unsigned mismatch
c:\repos\vulkanframework\vulkanframework\vulkanframework\vulkanframework\vkal.cpp(90): warning C4018: '<': signed/unsigned mismatch
c:\repos\vulkanframework\vulkanframework\vulkanframework\vulkanframework\vkal.cpp(171): warning C4018: '<': signed/unsigned mismatch
c:\repos\vulkanframework\vulkanframework\vulkanframework\vulkanframework\vkal.cpp(203): warning C4838: conversion from 'int' to 'uint32_t' requires a narrowing conversion
c:\repos\vulkanframework\vulkanframework\vulkanframework\vulkanframework\vkal.cpp(212): warning C4018: '<': signed/unsigned mismatch
c:\repos\vulkanframework\vulkanframework\vulkanframework\vulkanframework\vkal.cpp(227): warning C4018: '<': signed/unsigned mismatch
c:\repos\vulkanframework\vulkanframework\vulkanframework\vulkanframework\vkal.cpp(314): warning C4018: '<': signed/unsigned mismatch
c:\repos\vulkanframework\vulkanframework\vulkanframework\vulkanframework\vkal.cpp(424): warning C4244: 'argument': conversion from 'VkDeviceSize' to 'uint32_t', possible loss of data
c:\repos\vulkanframework\vulkanframework\vulkanframework\vulkanframework\vkal.cpp(477): warning C4244: 'argument': conversion from 'VkDeviceSize' to 'uint32_t', possible loss of data
c:\repos\vulkanframework\vulkanframework\vulkanframework\vulkanframework\vkal.cpp(502): warning C4018: '<': signed/unsigned mismatch
c:\repos\vulkanframework\vulkanframework\vulkanframework\vulkanframework\vkal.cpp(586): warning C4244: 'argument': conversion from 'VkDeviceSize' to 'uint32_t', possible loss of data
c:\repos\vulkanframework\vulkanframework\vulkanframework\vulkanframework\vkal.cpp(659): warning C4018: '<': signed/unsigned mismatch
c:\repos\vulkanframework\vulkanframework\vulkanframework\vulkanframework\vkal.cpp(697): warning C4018: '<': signed/unsigned mismatch
c:\repos\vulkanframework\vulkanframework\vulkanframework\vulkanframework\vkal.cpp(704): warning C4018: '<': signed/unsigned mismatch
c:\repos\vulkanframework\vulkanframework\vulkanframework\vulkanframework\vkal.cpp(728): warning C4018: '<': signed/unsigned mismatch
c:\repos\vulkanframework\vulkanframework\vulkanframework\vulkanframework\vkal.cpp(764): warning C4018: '<': signed/unsigned mismatch
c:\repos\vulkanframework\vulkanframework\vulkanframework\vulkanframework\vkal.cpp(910): warning C4244: 'argument': conversion from 'VkDeviceSize' to 'uint32_t', possible loss of data
c:\repos\vulkanframework\vulkanframework\vulkanframework\vulkanframework\vkal.cpp(941): warning C4018: '<': signed/unsigned mismatch
c:\repos\vulkanframework\vulkanframework\vulkanframework\vulkanframework\vkal.cpp(958): warning C4244: '=': conversion from 'uint32_t' to 'float', possible loss of data
c:\repos\vulkanframework\vulkanframework\vulkanframework\vulkanframework\vkal.cpp(959): warning C4244: '=': conversion from 'uint32_t' to 'float', possible loss of data
c:\repos\vulkanframework\vulkanframework\vulkanframework\vulkanframework\vkal.cpp(973): warning C4018: '<': signed/unsigned mismatch
c:\repos\vulkanframework\vulkanframework\vulkanframework\vulkanframework\vkal.cpp(1007): warning C4244: '=': conversion from 'uint32_t' to 'float', possible loss of data
c:\repos\vulkanframework\vulkanframework\vulkanframework\vulkanframework\vkal.cpp(1008): warning C4244: '=': conversion from 'uint32_t' to 'float', possible loss of data
c:\repos\vulkanframework\vulkanframework\vulkanframework\vulkanframework\vkal.cpp(1023): warning C4018: '<': signed/unsigned mismatch
c:\repos\vulkanframework\vulkanframework\vulkanframework\vulkanframework\vkal.cpp(1182): warning C4018: '<': signed/unsigned mismatch
c:\repos\vulkanframework\vulkanframework\vulkanframework\vulkanframework\vkal.cpp(1311): warning C4244: '=': conversion from 'uint32_t' to 'float', possible loss of data
c:\repos\vulkanframework\vulkanframework\vulkanframework\vulkanframework\vkal.cpp(1312): warning C4244: '=': conversion from 'uint32_t' to 'float', possible loss of data
c:\repos\vulkanframework\vulkanframework\vulkanframework\vulkanframework\vkal.cpp(1570): warning C4244: '=': conversion from 'uint32_t' to 'float', possible loss of data
c:\repos\vulkanframework\vulkanframework\vulkanframework\vulkanframework\vkal.cpp(1571): warning C4244: '=': conversion from 'uint32_t' to 'float', possible loss of data
c:\repos\vulkanframework\vulkanframework\vulkanframework\vulkanframework\vkal.cpp(1583): warning C4018: '<': signed/unsigned mismatch
c:\repos\vulkanframework\vulkanframework\vulkanframework\vulkanframework\vkal.cpp(1589): warning C4018: '<': signed/unsigned mismatch
c:\repos\vulkanframework\vulkanframework\vulkanframework\vulkanframework\vkal.cpp(1610): warning C4244: '=': conversion from 'uint32_t' to 'float', possible loss of data
c:\repos\vulkanframework\vulkanframework\vulkanframework\vulkanframework\vkal.cpp(1611): warning C4244: '=': conversion from 'uint32_t' to 'float', possible loss of data
c:\repos\vulkanframework\vulkanframework\vulkanframework\vulkanframework\vkal.cpp(1623): warning C4018: '<': signed/unsigned mismatch
c:\repos\vulkanframework\vulkanframework\vulkanframework\vulkanframework\vkal.cpp(1629): warning C4018: '<': signed/unsigned mismatch
c:\repos\vulkanframework\vulkanframework\vulkanframework\vulkanframework\vkal.cpp(1755): warning C4244: 'argument': conversion from 'VkDeviceSize' to 'uint32_t', possible loss of data
c:\repos\vulkanframework\vulkanframework\vulkanframework\vulkanframework\vkal.cpp(1766): warning C4244: 'argument': conversion from 'VkDeviceSize' to 'uint32_t', possible loss of data
c:\repos\vulkanframework\vulkanframework\vulkanframework\vulkanframework\vkal.cpp(1778): warning C4244: 'argument': conversion from 'VkDeviceSize' to 'uint32_t', possible loss of data
c:\repos\vulkanframework\vulkanframework\vulkanframework\vulkanframework\vkal.cpp(1917): warning C4018: '<': signed/unsigned mismatch
c:\repos\vulkanframework\vulkanframework\vulkanframework\vulkanframework\vkal.cpp(1934): warning C4244: 'return': conversion from 'VkDeviceSize' to 'uint32_t', possible loss of data
c:\repos\vulkanframework\vulkanframework\vulkanframework\vulkanframework\vkal.cpp(1949): warning C4244: 'initializing': conversion from 'uint64_t' to 'uint32_t', possible loss of data
c:\repos\vulkanframework\vulkanframework\vulkanframework\vulkanframework\vkal.cpp(1952): warning C4018: '<': signed/unsigned mismatch
c:\repos\vulkanframework\vulkanframework\vulkanframework\vulkanframework\vkal.cpp(1990): warning C4244: 'initializing': conversion from 'uint64_t' to 'uint32_t', possible loss of data
c:\repos\vulkanframework\vulkanframework\vulkanframework\vulkanframework\vkal.cpp(1993): warning C4018: '<': signed/unsigned mismatch
c:\repos\vulkanframework\vulkanframework\vulkanframework\vulkanframework\vkal.cpp(2021): warning C4018: '<': signed/unsigned mismatch
c:\repos\vulkanframework\vulkanframework\vulkanframework\vulkanframework\vkal.cpp(2024): warning C4018: '<': signed/unsigned mismatch
c:\repos\vulkanframework\vulkanframework\vulkanframework\vulkanframework\vkal.cpp(2033): warning C4018: '<': signed/unsigned mismatch
c:\repos\vulkanframework\vulkanframework\vulkanframework\vulkanframework\vkal.cpp(2036): warning C4018: '<': signed/unsigned mismatch
c:\repos\vulkanframework\vulkanframework\vulkanframework\vulkanframework\vkal.cpp(2050): warning C4018: '<': signed/unsigned mismatch
  A3_Normalenvektoren.cpp
c:\repos\vulkanframework\vulkanframework\vulkanframework\dependencies\modelloader\model.h(61): warning C4267: 'return': conversion from 'size_t' to 'unsigned int', possible loss of data
c:\repos\vulkanframework\vulkanframework\vulkanframework\dependencies\modelloader\model.h(80): warning C4267: 'return': conversion from 'size_t' to 'unsigned int', possible loss of data
c:\repos\vulkanframework\vulkanframework\vulkanframework\a3_normalenvektoren\a3_normalenvektoren.cpp(300): warning C4018: '<': signed/unsigned mismatch
c:\repos\vulkanframework\vulkanframework\vulkanframework\a3_normalenvektoren\a3_normalenvektoren.cpp(351): warning C4018: '<': signed/unsigned mismatch
c:\repos\vulkanframework\vulkanframework\vulkanframework\a3_normalenvektoren\a3_normalenvektoren.cpp(523): warning C4244: 'initializing': conversion from 'uint64_t' to 'double', possible loss of data
c:\repos\vulkanframework\vulkanframework\vulkanframework\a3_normalenvektoren\a3_normalenvektoren.cpp(566): warning C4244: 'argument': conversion from 'double' to 'float', possible loss of data
  Generating Code...
  A3_Normalenvektoren.vcxproj -> C:\repos\VulkanFramework\VulkanFramework\VulkanFramework\x64\Debug\A3_Normalenvektoren.exe
