c:\repos\vulkanframework\vulkanframework\vulkanframework\sandbox\x64\release\vc141.pdb
c:\repos\vulkanframework\vulkanframework\vulkanframework\sandbox\x64\release\sandbox.obj
c:\repos\vulkanframework\vulkanframework\vulkanframework\sandbox\x64\release\vkal.obj
c:\repos\vulkanframework\vulkanframework\vulkanframework\sandbox\x64\release\platform.obj
c:\repos\vulkanframework\vulkanframework\vulkanframework\sandbox\x64\release\descriptor_set_layouts.obj
c:\repos\vulkanframework\vulkanframework\vulkanframework\sandbox\x64\release\imgui_widgets.obj
c:\repos\vulkanframework\vulkanframework\vulkanframework\sandbox\x64\release\imgui_impl_vulkan.obj
c:\repos\vulkanframework\vulkanframework\vulkanframework\sandbox\x64\release\imgui_impl_glfw.obj
c:\repos\vulkanframework\vulkanframework\vulkanframework\sandbox\x64\release\imgui_draw.obj
c:\repos\vulkanframework\vulkanframework\vulkanframework\sandbox\x64\release\imgui_demo.obj
c:\repos\vulkanframework\vulkanframework\vulkanframework\sandbox\x64\release\imgui.obj
c:\repos\vulkanframework\vulkanframework\vulkanframework\x64\release\sandbox.exe
c:\repos\vulkanframework\vulkanframework\vulkanframework\x64\release\sandbox.pdb
c:\repos\vulkanframework\vulkanframework\vulkanframework\x64\release\sandbox.ipdb
c:\repos\vulkanframework\vulkanframework\vulkanframework\x64\release\sandbox.iobj
c:\repos\vulkanframework\vulkanframework\vulkanframework\sandbox\x64\release\sandbox.tlog\cl.command.1.tlog
c:\repos\vulkanframework\vulkanframework\vulkanframework\sandbox\x64\release\sandbox.tlog\cl.read.1.tlog
c:\repos\vulkanframework\vulkanframework\vulkanframework\sandbox\x64\release\sandbox.tlog\cl.write.1.tlog
c:\repos\vulkanframework\vulkanframework\vulkanframework\sandbox\x64\release\sandbox.tlog\link.command.1.tlog
c:\repos\vulkanframework\vulkanframework\vulkanframework\sandbox\x64\release\sandbox.tlog\link.read.1.tlog
c:\repos\vulkanframework\vulkanframework\vulkanframework\sandbox\x64\release\sandbox.tlog\link.write.1.tlog
c:\repos\vulkanframework\vulkanframework\vulkanframework\sandbox\x64\release\sandbox.tlog\sandbox.write.1u.tlog
